<?xml version="1.0" encoding="UTF-8"?>
<testsuite name="com.brainacad.oop.testjunit.testjunit.TemperatureConverterTest" time="0.012" tests="6" errors="0" skipped="0" failures="5">
  <properties>
[...]
</properties>
  <testcase name="convertCtoF" classname="com.brainacad.oop.testjunit.testjunit.TemperatureConverterTest" time="0.011">
    <failure message="C2F incorrect  expected:&lt;632.0&gt; but was:&lt;1112.0&gt;" type="java.lang.AssertionError"><![CDATA[java.lang.AssertionError: C2F incorrect  expected:<632.0> but was:<1112.0>
	at org.junit.Assert.fail(Assert.java:88)
	at org.junit.Assert.failNotEquals(Assert.java:834)
	at org.junit.Assert.assertEquals(Assert.java:553)
	at com.brainacad.oop.testjunit.testjunit.TemperatureConverterTest.convertCtoF(TemperatureConverterTest.java:46)
]]></failure>
  </testcase>
  <testcase name="convertCtoK" classname="com.brainacad.oop.testjunit.testjunit.TemperatureConverterTest" time="0">
    <failure message="C2K incorrect  expected:&lt;837.15&gt; but was:&lt;873.15&gt;" type="java.lang.AssertionError"><![CDATA[java.lang.AssertionError: C2K incorrect  expected:<837.15> but was:<873.15>
	at org.junit.Assert.fail(Assert.java:88)
	at org.junit.Assert.failNotEquals(Assert.java:834)
	at org.junit.Assert.assertEquals(Assert.java:553)
	at com.brainacad.oop.testjunit.testjunit.TemperatureConverterTest.convertCtoK(TemperatureConverterTest.java:53)
]]></failure>
  </testcase>
  <testcase name="convertFtoC" classname="com.brainacad.oop.testjunit.testjunit.TemperatureConverterTest" time="0"/>
  <testcase name="convertFtoK" classname="com.brainacad.oop.testjunit.testjunit.TemperatureConverterTest" time="0">
    <failure message="F2K incorrect  expected:&lt;0.0&gt; but was:&lt;922.0555555555557&gt;" type="java.lang.AssertionError"><![CDATA[java.lang.AssertionError: F2K incorrect  expected:<0.0> but was:<922.0555555555557>
	at org.junit.Assert.fail(Assert.java:88)
	at org.junit.Assert.failNotEquals(Assert.java:834)
	at org.junit.Assert.assertEquals(Assert.java:553)
	at com.brainacad.oop.testjunit.testjunit.TemperatureConverterTest.convertFtoK(TemperatureConverterTest.java:67)
]]></failure>
  </testcase>
  <testcase name="convertKtoC" classname="com.brainacad.oop.testjunit.testjunit.TemperatureConverterTest" time="0.001">
    <failure message="K2C incorrect  expected:&lt;762.85&gt; but was:&lt;726.8&gt;" type="java.lang.AssertionError"><![CDATA[java.lang.AssertionError: K2C incorrect  expected:<762.85> but was:<726.8>
	at org.junit.Assert.fail(Assert.java:88)
	at org.junit.Assert.failNotEquals(Assert.java:834)
	at org.junit.Assert.assertEquals(Assert.java:553)
	at com.brainacad.oop.testjunit.testjunit.TemperatureConverterTest.convertKtoC(TemperatureConverterTest.java:60)
]]></failure>
  </testcase>
  <testcase name="convertKtoF" classname="com.brainacad.oop.testjunit.testjunit.TemperatureConverterTest" time="0">
    <failure message="K2F incorrect  expected:&lt;540.3299999999999&gt; but was:&lt;1340.3&gt;" type="java.lang.AssertionError"><![CDATA[java.lang.AssertionError: K2F incorrect  expected:<540.3299999999999> but was:<1340.3>
	at org.junit.Assert.fail(Assert.java:88)
	at org.junit.Assert.failNotEquals(Assert.java:834)
	at org.junit.Assert.assertEquals(Assert.java:553)
	at com.brainacad.oop.testjunit.testjunit.TemperatureConverterTest.convertKtoF(TemperatureConverterTest.java:74)
]]></failure>
  </testcase>
</testsuite>