<?xml version="1.0" encoding="UTF-8"?>
<testsuite name="com.brainacad.oop.testjunit.testcase.TemperatureConverterK2FTest" time="0.007" tests="38" errors="0" skipped="0" failures="0">
  <properties>
[...]
</properties>
  <testcase name="convertKtoF[0]" classname="com.brainacad.oop.testjunit.testcase.TemperatureConverterK2FTest" time="0"/>
  <testcase name="convertKtoF[1]" classname="com.brainacad.oop.testjunit.testcase.TemperatureConverterK2FTest" time="0.001"/>
  <testcase name="convertKtoF[2]" classname="com.brainacad.oop.testjunit.testcase.TemperatureConverterK2FTest" time="0"/>
  <testcase name="convertKtoF[3]" classname="com.brainacad.oop.testjunit.testcase.TemperatureConverterK2FTest" time="0"/>
  <testcase name="convertKtoF[4]" classname="com.brainacad.oop.testjunit.testcase.TemperatureConverterK2FTest" time="0"/>
  <testcase name="convertKtoF[5]" classname="com.brainacad.oop.testjunit.testcase.TemperatureConverterK2FTest" time="0"/>
  <testcase name="convertKtoF[6]" classname="com.brainacad.oop.testjunit.testcase.TemperatureConverterK2FTest" time="0"/>
  <testcase name="convertKtoF[7]" classname="com.brainacad.oop.testjunit.testcase.TemperatureConverterK2FTest" time="0"/>
  <testcase name="convertKtoF[8]" classname="com.brainacad.oop.testjunit.testcase.TemperatureConverterK2FTest" time="0"/>
  <testcase name="convertKtoF[9]" classname="com.brainacad.oop.testjunit.testcase.TemperatureConverterK2FTest" time="0"/>
  <testcase name="convertKtoF[10]" classname="com.brainacad.oop.testjunit.testcase.TemperatureConverterK2FTest" time="0"/>
  <testcase name="convertKtoF[11]" classname="com.brainacad.oop.testjunit.testcase.TemperatureConverterK2FTest" time="0.001"/>
  <testcase name="convertKtoF[12]" classname="com.brainacad.oop.testjunit.testcase.TemperatureConverterK2FTest" time="0"/>
  <testcase name="convertKtoF[13]" classname="com.brainacad.oop.testjunit.testcase.TemperatureConverterK2FTest" time="0"/>
  <testcase name="convertKtoF[14]" classname="com.brainacad.oop.testjunit.testcase.TemperatureConverterK2FTest" time="0"/>
  <testcase name="convertKtoF[15]" classname="com.brainacad.oop.testjunit.testcase.TemperatureConverterK2FTest" time="0.001"/>
  <testcase name="convertKtoF[16]" classname="com.brainacad.oop.testjunit.testcase.TemperatureConverterK2FTest" time="0"/>
  <testcase name="convertKtoF[17]" classname="com.brainacad.oop.testjunit.testcase.TemperatureConverterK2FTest" time="0"/>
  <testcase name="convertKtoF[18]" classname="com.brainacad.oop.testjunit.testcase.TemperatureConverterK2FTest" time="0"/>
  <testcase name="convertKtoF[19]" classname="com.brainacad.oop.testjunit.testcase.TemperatureConverterK2FTest" time="0"/>
  <testcase name="convertKtoF[20]" classname="com.brainacad.oop.testjunit.testcase.TemperatureConverterK2FTest" time="0"/>
  <testcase name="convertKtoF[21]" classname="com.brainacad.oop.testjunit.testcase.TemperatureConverterK2FTest" time="0"/>
  <testcase name="convertKtoF[22]" classname="com.brainacad.oop.testjunit.testcase.TemperatureConverterK2FTest" time="0"/>
  <testcase name="convertKtoF[23]" classname="com.brainacad.oop.testjunit.testcase.TemperatureConverterK2FTest" time="0"/>
  <testcase name="convertKtoF[24]" classname="com.brainacad.oop.testjunit.testcase.TemperatureConverterK2FTest" time="0"/>
  <testcase name="convertKtoF[25]" classname="com.brainacad.oop.testjunit.testcase.TemperatureConverterK2FTest" time="0"/>
  <testcase name="convertKtoF[26]" classname="com.brainacad.oop.testjunit.testcase.TemperatureConverterK2FTest" time="0"/>
  <testcase name="convertKtoF[27]" classname="com.brainacad.oop.testjunit.testcase.TemperatureConverterK2FTest" time="0"/>
  <testcase name="convertKtoF[28]" classname="com.brainacad.oop.testjunit.testcase.TemperatureConverterK2FTest" time="0"/>
  <testcase name="convertKtoF[29]" classname="com.brainacad.oop.testjunit.testcase.TemperatureConverterK2FTest" time="0.002"/>
  <testcase name="convertKtoF[30]" classname="com.brainacad.oop.testjunit.testcase.TemperatureConverterK2FTest" time="0.001"/>
  <testcase name="convertKtoF[31]" classname="com.brainacad.oop.testjunit.testcase.TemperatureConverterK2FTest" time="0"/>
  <testcase name="convertKtoF[32]" classname="com.brainacad.oop.testjunit.testcase.TemperatureConverterK2FTest" time="0"/>
  <testcase name="convertKtoF[33]" classname="com.brainacad.oop.testjunit.testcase.TemperatureConverterK2FTest" time="0.001"/>
  <testcase name="convertKtoF[34]" classname="com.brainacad.oop.testjunit.testcase.TemperatureConverterK2FTest" time="0"/>
  <testcase name="convertKtoF[35]" classname="com.brainacad.oop.testjunit.testcase.TemperatureConverterK2FTest" time="0"/>
  <testcase name="convertKtoF[36]" classname="com.brainacad.oop.testjunit.testcase.TemperatureConverterK2FTest" time="0"/>
  <testcase name="convertKtoF[37]" classname="com.brainacad.oop.testjunit.testcase.TemperatureConverterK2FTest" time="0"/>
</testsuite>